<?xml version="1.0" encoding="UTF-8"?>
<!-- Generated by org.testng.reporters.JUnitReportReporter -->
<testsuite hostname="DESKTOP-5FCNIUG" failures="0" tests="6" name="com.LambdaTest.testScript.TestScript1" time="8.624" errors="0" timestamp="2024-12-18T13:11:02 IST" skipped="0">
  <testcase classname="com.LambdaTest.testScript.TestScript1" name="VerifyPageTitle" time="0.253"/>
  <system-out/>
  <testcase classname="com.LambdaTest.testScript.TestScript1" name="VerifyPageHeading" time="0.291"/>
  <system-out/>
  <testcase classname="com.LambdaTest.testScript.TestScript1" name="VerifyFormHeading" time="1.309"/>
  <system-out/>
  <testcase classname="com.LambdaTest.testScript.TestScript1" name="VerifySubmitForm" time="2.228"/>
  <system-out/>
  <testcase classname="com.LambdaTest.testScript.TestScript1" name="VerifySubmitForm" time="2.268"/>
  <system-out/>
  <testcase classname="com.LambdaTest.testScript.TestScript1" name="VerifySubmitForm" time="2.275"/>
  <system-out/>
</testsuite> <!-- com.LambdaTest.testScript.TestScript1 -->
